<?xml version="1.0" encoding="UTF-8"?>
<!-- Generated by org.testng.reporters.JUnitReportReporter -->
<testsuite hostname="DESKTOP-2C8HLV1" name="aug11.SecondTestNG" tests="3" failures="0" timestamp="3 Sep 2022 04:56:18 GMT" time="49.712" errors="0">
  <testcase name="clear" time="14.935" classname="aug11.SecondTestNG"/>
  <testcase name="subtraction" time="16.951" classname="aug11.SecondTestNG"/>
  <testcase name="addtion" time="17.826" classname="aug11.SecondTestNG"/>
</testsuite> <!-- aug11.SecondTestNG -->
