<?xml version="1.0" encoding="UTF-8"?>
<!-- Generated by org.testng.reporters.JUnitReportReporter -->
<testsuite hostname="DESKTOP-2C8HLV1" name="aug13.Demo1" tests="1" failures="0" timestamp="3 Sep 2022 05:00:02 GMT" time="8.569" errors="0">
  <testcase name="verifytitle" time="8.569" classname="aug13.Demo1"/>
</testsuite> <!-- aug13.Demo1 -->
