<?xml version="1.0" encoding="UTF-8"?>
<!-- Generated by org.testng.reporters.JUnitReportReporter -->
<testsuite hostname="DESKTOP-2C8HLV1" name="aug10.FirstTestNGClass" tests="1" failures="0" timestamp="3 Sep 2022 04:56:18 GMT" time="2.376" errors="0">
  <testcase name="Cbanking" time="2.376" classname="aug10.FirstTestNGClass"/>
</testsuite> <!-- aug10.FirstTestNGClass -->
