<?xml version="1.0" encoding="UTF-8"?>
<!-- Generated by org.testng.reporters.JUnitReportReporter -->
<testsuite hostname="DESKTOP-2C8HLV1" name="propertyfile" tests="1" failures="0" timestamp="18 Aug 2022 11:29:17 GMT" time="7.369" errors="0">
  <testcase name="validateRegister" time="7.369" classname="propertyfile"/>
</testsuite> <!-- propertyfile -->
