<?xml version="1.0" encoding="UTF-8"?>
<!-- Generated by org.testng.reporters.JUnitReportReporter -->
<testsuite hostname="DESKTOP-2C8HLV1" name="aug11.ThirdTestNG" tests="2" failures="0" timestamp="3 Sep 2022 04:56:18 GMT" time="13.612" errors="0">
  <testcase name="branches" time="5.681" classname="aug11.ThirdTestNG"/>
  <testcase name="roles" time="7.931" classname="aug11.ThirdTestNG"/>
</testsuite> <!-- aug11.ThirdTestNG -->
