<?xml version="1.0" encoding="UTF-8"?>
<!-- Generated by org.testng.reporters.JUnitReportReporter -->
<testsuite hostname="DESKTOP-2C8HLV1" name="aug19.Advancedreports" tests="2" failures="0" timestamp="24 Aug 2022 09:48:50 GMT" time="21.153" errors="0">
  <testcase name="passTest" time="11.421" classname="aug19.Advancedreports"/>
  <testcase name="failTest" time="9.732" classname="aug19.Advancedreports"/>
</testsuite> <!-- aug19.Advancedreports -->
